2019-02-19 11:35:10,899 - backend - INFO - Completed configuring logger()!
2019-02-19 11:35:30,560 - oic.utils.keyio - DEBUG - loading keys for issuer: https://graph.microsoft.com
2019-02-19 11:35:30,566 - oic.utils.keyio - DEBUG - pcr: {'grant_types_supported': ['authorization_code', 'implicit'], 'request_uri_parameter_supported': True, 'jwks_uri': None, 'request_parameter_supported': False, 'token_endpoint_auth_methods_supported': ['client_secret_basic'], 'version': '3.0', 'claims_parameter_supported': False, 'issuer': 'https://graph.microsoft.com', 'authorization_endpoint': 'https://login.microsoftonline.com/indiana.onmicrosoft.com/oauth2/v2.0/authorize', 'redirect_uris': 'https://login.cadre.iu.edu/api/auth/microsoft/callback', 'require_request_uri_registration': True}
2019-02-19 11:35:30,567 - oic.utils.keyio - DEBUG - loading keys for issuer: https://cilogon.org
2019-02-19 11:35:30,568 - oic.utils.keyio - DEBUG - pcr: {'grant_types_supported': ['authorization_code', 'implicit'], 'request_uri_parameter_supported': True, 'jwks_uri': 'https://cilogon.org/oauth2/certs', 'token_endpoint_auth_methods_supported': ['client_secret_basic'], 'userinfo_endpoint': 'https://cilogon.org/oauth2/userinfo', 'claims_parameter_supported': False, 'request_parameter_supported': False, 'version': '3.0', 'authorization_endpoint': 'https://cilogon.org/authorize', 'issuer': 'https://cilogon.org', 'redirect_uris': 'https://login.cadre.iu.edu/api/auth/callback/', 'token_endpoint': 'https://cilogon.org/oauth2/token', 'require_request_uri_registration': True}
2019-02-19 11:35:30,569 - oic.utils.keyio - DEBUG - loading keys for issuer: https://accounts.google.com
2019-02-19 11:35:30,569 - oic.utils.keyio - DEBUG - pcr: {'grant_types_supported': ['authorization_code', 'implicit'], 'request_uri_parameter_supported': True, 'jwks_uri': None, 'token_endpoint_auth_methods_supported': ['client_secret_basic'], 'claims_parameter_supported': False, 'request_parameter_supported': False, 'version': '3.0', 'authorization_endpoint': 'https://accounts.google.com/o/oauth2/auth', 'issuer': 'https://accounts.google.com', 'redirect_uris': 'https://login.cadre.iu.edu/api/auth/google/callback', 'token_endpoint': 'https://oauth2.googleapis.com/token', 'require_request_uri_registration': True}
2019-02-19 11:35:30,570 - oic.utils.keyio - DEBUG - loading keys for issuer: https://graph.facebook.com
2019-02-19 11:35:30,570 - oic.utils.keyio - DEBUG - pcr: {'grant_types_supported': ['authorization_code', 'implicit'], 'request_uri_parameter_supported': True, 'jwks_uri': None, 'token_endpoint_auth_methods_supported': ['client_secret_basic'], 'claims_parameter_supported': False, 'request_parameter_supported': False, 'version': '3.0', 'authorization_endpoint': 'https://www.facebook.com/v2.10/dialog/oauth', 'issuer': 'https://graph.facebook.com', 'redirect_uris': 'https://login.cadre.iu.edu/api/auth/facebook/callback', 'token_endpoint': 'https://www.facebook.com/v2.10/dialog/oauth', 'require_request_uri_registration': True}
2019-02-19 11:35:31,077 - oic.utils.keyio - DEBUG - loading keys for issuer: https://graph.microsoft.com
2019-02-19 11:35:31,077 - oic.utils.keyio - DEBUG - pcr: {'grant_types_supported': ['authorization_code', 'implicit'], 'request_uri_parameter_supported': True, 'jwks_uri': None, 'request_parameter_supported': False, 'token_endpoint_auth_methods_supported': ['client_secret_basic'], 'version': '3.0', 'claims_parameter_supported': False, 'issuer': 'https://graph.microsoft.com', 'authorization_endpoint': 'https://login.microsoftonline.com/indiana.onmicrosoft.com/oauth2/v2.0/authorize', 'redirect_uris': 'https://login.cadre.iu.edu/api/auth/microsoft/callback', 'require_request_uri_registration': True}
2019-02-19 11:35:31,078 - oic.utils.keyio - DEBUG - loading keys for issuer: https://cilogon.org
2019-02-19 11:35:31,078 - oic.utils.keyio - DEBUG - pcr: {'grant_types_supported': ['authorization_code', 'implicit'], 'request_uri_parameter_supported': True, 'jwks_uri': 'https://cilogon.org/oauth2/certs', 'token_endpoint_auth_methods_supported': ['client_secret_basic'], 'userinfo_endpoint': 'https://cilogon.org/oauth2/userinfo', 'claims_parameter_supported': False, 'request_parameter_supported': False, 'version': '3.0', 'authorization_endpoint': 'https://cilogon.org/authorize', 'issuer': 'https://cilogon.org', 'redirect_uris': 'https://login.cadre.iu.edu/api/auth/callback/', 'token_endpoint': 'https://cilogon.org/oauth2/token', 'require_request_uri_registration': True}
2019-02-19 11:35:31,079 - oic.utils.keyio - DEBUG - loading keys for issuer: https://accounts.google.com
2019-02-19 11:35:31,079 - oic.utils.keyio - DEBUG - pcr: {'grant_types_supported': ['authorization_code', 'implicit'], 'request_uri_parameter_supported': True, 'jwks_uri': None, 'token_endpoint_auth_methods_supported': ['client_secret_basic'], 'claims_parameter_supported': False, 'request_parameter_supported': False, 'version': '3.0', 'authorization_endpoint': 'https://accounts.google.com/o/oauth2/auth', 'issuer': 'https://accounts.google.com', 'redirect_uris': 'https://login.cadre.iu.edu/api/auth/google/callback', 'token_endpoint': 'https://oauth2.googleapis.com/token', 'require_request_uri_registration': True}
2019-02-19 11:35:31,080 - oic.utils.keyio - DEBUG - loading keys for issuer: https://graph.facebook.com
2019-02-19 11:35:31,080 - oic.utils.keyio - DEBUG - pcr: {'grant_types_supported': ['authorization_code', 'implicit'], 'request_uri_parameter_supported': True, 'jwks_uri': None, 'token_endpoint_auth_methods_supported': ['client_secret_basic'], 'claims_parameter_supported': False, 'request_parameter_supported': False, 'version': '3.0', 'authorization_endpoint': 'https://www.facebook.com/v2.10/dialog/oauth', 'issuer': 'https://graph.facebook.com', 'redirect_uris': 'https://login.cadre.iu.edu/api/auth/facebook/callback', 'token_endpoint': 'https://www.facebook.com/v2.10/dialog/oauth', 'require_request_uri_registration': True}
2019-02-19 11:35:42,513 - passlib.utils.compat - DEBUG - loaded lazy attr 'SafeConfigParser': <class 'configparser.ConfigParser'>
2019-02-19 11:35:42,514 - passlib.utils.compat - DEBUG - loaded lazy attr 'NativeStringIO': <class '_io.StringIO'>
2019-02-19 11:35:42,514 - passlib.utils.compat - DEBUG - loaded lazy attr 'BytesIO': <class '_io.BytesIO'>
2019-02-19 11:36:06,724 - werkzeug - INFO -  * Running on http://127.0.0.1:5000/ (Press CTRL+C to quit)
2019-02-19 11:36:06,726 - werkzeug - INFO -  * Restarting with stat
2019-02-19 11:36:09,069 - backend - INFO - Completed configuring logger()!
2019-02-19 11:36:09,107 - oic.utils.keyio - DEBUG - loading keys for issuer: https://accounts.google.com
2019-02-19 11:36:09,110 - oic.utils.keyio - DEBUG - pcr: {'issuer': 'https://accounts.google.com', 'token_endpoint': 'https://oauth2.googleapis.com/token', 'require_request_uri_registration': True, 'authorization_endpoint': 'https://accounts.google.com/o/oauth2/auth', 'grant_types_supported': ['authorization_code', 'implicit'], 'jwks_uri': None, 'request_uri_parameter_supported': True, 'token_endpoint_auth_methods_supported': ['client_secret_basic'], 'redirect_uris': 'https://login.cadre.iu.edu/api/auth/google/callback', 'request_parameter_supported': False, 'version': '3.0', 'claims_parameter_supported': False}
2019-02-19 11:36:09,111 - oic.utils.keyio - DEBUG - loading keys for issuer: https://graph.facebook.com
2019-02-19 11:36:09,111 - oic.utils.keyio - DEBUG - pcr: {'issuer': 'https://graph.facebook.com', 'token_endpoint': 'https://www.facebook.com/v2.10/dialog/oauth', 'require_request_uri_registration': True, 'authorization_endpoint': 'https://www.facebook.com/v2.10/dialog/oauth', 'grant_types_supported': ['authorization_code', 'implicit'], 'jwks_uri': None, 'request_uri_parameter_supported': True, 'token_endpoint_auth_methods_supported': ['client_secret_basic'], 'redirect_uris': 'https://login.cadre.iu.edu/api/auth/facebook/callback', 'request_parameter_supported': False, 'version': '3.0', 'claims_parameter_supported': False}
2019-02-19 11:36:09,112 - oic.utils.keyio - DEBUG - loading keys for issuer: https://cilogon.org
2019-02-19 11:36:09,112 - oic.utils.keyio - DEBUG - pcr: {'issuer': 'https://cilogon.org', 'userinfo_endpoint': 'https://cilogon.org/oauth2/userinfo', 'token_endpoint': 'https://cilogon.org/oauth2/token', 'jwks_uri': 'https://cilogon.org/oauth2/certs', 'authorization_endpoint': 'https://cilogon.org/authorize', 'grant_types_supported': ['authorization_code', 'implicit'], 'require_request_uri_registration': True, 'request_uri_parameter_supported': True, 'token_endpoint_auth_methods_supported': ['client_secret_basic'], 'redirect_uris': 'https://login.cadre.iu.edu/api/auth/callback/', 'request_parameter_supported': False, 'version': '3.0', 'claims_parameter_supported': False}
2019-02-19 11:36:09,112 - oic.utils.keyio - DEBUG - loading keys for issuer: https://graph.microsoft.com
2019-02-19 11:36:09,113 - oic.utils.keyio - DEBUG - pcr: {'require_request_uri_registration': True, 'request_uri_parameter_supported': True, 'token_endpoint_auth_methods_supported': ['client_secret_basic'], 'redirect_uris': 'https://login.cadre.iu.edu/api/auth/microsoft/callback', 'jwks_uri': None, 'request_parameter_supported': False, 'version': '3.0', 'authorization_endpoint': 'https://login.microsoftonline.com/indiana.onmicrosoft.com/oauth2/v2.0/authorize', 'issuer': 'https://graph.microsoft.com', 'grant_types_supported': ['authorization_code', 'implicit'], 'claims_parameter_supported': False}
2019-02-19 11:36:09,113 - oic.utils.keyio - DEBUG - loading keys for issuer: https://accounts.google.com
2019-02-19 11:36:09,114 - oic.utils.keyio - DEBUG - pcr: {'issuer': 'https://accounts.google.com', 'token_endpoint': 'https://oauth2.googleapis.com/token', 'require_request_uri_registration': True, 'authorization_endpoint': 'https://accounts.google.com/o/oauth2/auth', 'grant_types_supported': ['authorization_code', 'implicit'], 'jwks_uri': None, 'request_uri_parameter_supported': True, 'token_endpoint_auth_methods_supported': ['client_secret_basic'], 'redirect_uris': 'https://login.cadre.iu.edu/api/auth/google/callback', 'request_parameter_supported': False, 'version': '3.0', 'claims_parameter_supported': False}
2019-02-19 11:36:09,114 - oic.utils.keyio - DEBUG - loading keys for issuer: https://graph.facebook.com
2019-02-19 11:36:09,114 - oic.utils.keyio - DEBUG - pcr: {'issuer': 'https://graph.facebook.com', 'token_endpoint': 'https://www.facebook.com/v2.10/dialog/oauth', 'require_request_uri_registration': True, 'authorization_endpoint': 'https://www.facebook.com/v2.10/dialog/oauth', 'grant_types_supported': ['authorization_code', 'implicit'], 'jwks_uri': None, 'request_uri_parameter_supported': True, 'token_endpoint_auth_methods_supported': ['client_secret_basic'], 'redirect_uris': 'https://login.cadre.iu.edu/api/auth/facebook/callback', 'request_parameter_supported': False, 'version': '3.0', 'claims_parameter_supported': False}
2019-02-19 11:36:09,115 - oic.utils.keyio - DEBUG - loading keys for issuer: https://cilogon.org
2019-02-19 11:36:09,115 - oic.utils.keyio - DEBUG - pcr: {'issuer': 'https://cilogon.org', 'userinfo_endpoint': 'https://cilogon.org/oauth2/userinfo', 'token_endpoint': 'https://cilogon.org/oauth2/token', 'jwks_uri': 'https://cilogon.org/oauth2/certs', 'authorization_endpoint': 'https://cilogon.org/authorize', 'grant_types_supported': ['authorization_code', 'implicit'], 'require_request_uri_registration': True, 'request_uri_parameter_supported': True, 'token_endpoint_auth_methods_supported': ['client_secret_basic'], 'redirect_uris': 'https://login.cadre.iu.edu/api/auth/callback/', 'request_parameter_supported': False, 'version': '3.0', 'claims_parameter_supported': False}
2019-02-19 11:36:09,115 - oic.utils.keyio - DEBUG - loading keys for issuer: https://graph.microsoft.com
2019-02-19 11:36:09,116 - oic.utils.keyio - DEBUG - pcr: {'require_request_uri_registration': True, 'request_uri_parameter_supported': True, 'token_endpoint_auth_methods_supported': ['client_secret_basic'], 'redirect_uris': 'https://login.cadre.iu.edu/api/auth/microsoft/callback', 'jwks_uri': None, 'request_parameter_supported': False, 'version': '3.0', 'authorization_endpoint': 'https://login.microsoftonline.com/indiana.onmicrosoft.com/oauth2/v2.0/authorize', 'issuer': 'https://graph.microsoft.com', 'grant_types_supported': ['authorization_code', 'implicit'], 'claims_parameter_supported': False}
2019-02-19 11:36:10,203 - passlib.utils.compat - DEBUG - loaded lazy attr 'SafeConfigParser': <class 'configparser.ConfigParser'>
2019-02-19 11:36:10,203 - passlib.utils.compat - DEBUG - loaded lazy attr 'NativeStringIO': <class '_io.StringIO'>
2019-02-19 11:36:10,203 - passlib.utils.compat - DEBUG - loaded lazy attr 'BytesIO': <class '_io.BytesIO'>
2019-02-19 11:36:13,357 - werkzeug - WARNING -  * Debugger is active!
2019-02-19 11:36:13,381 - werkzeug - INFO -  * Debugger PIN: 167-647-229
2019-02-19 11:36:23,671 - backend - INFO - Completed configuring logger()!
2019-02-19 11:36:23,691 - oic.utils.keyio - DEBUG - loading keys for issuer: https://graph.facebook.com
2019-02-19 11:36:23,692 - oic.utils.keyio - DEBUG - pcr: {'claims_parameter_supported': False, 'request_uri_parameter_supported': True, 'jwks_uri': None, 'issuer': 'https://graph.facebook.com', 'token_endpoint_auth_methods_supported': ['client_secret_basic'], 'authorization_endpoint': 'https://www.facebook.com/v2.10/dialog/oauth', 'token_endpoint': 'https://www.facebook.com/v2.10/dialog/oauth', 'require_request_uri_registration': True, 'version': '3.0', 'redirect_uris': 'https://login.cadre.iu.edu/api/auth/facebook/callback', 'request_parameter_supported': False, 'grant_types_supported': ['authorization_code', 'implicit']}
2019-02-19 11:36:23,693 - oic.utils.keyio - DEBUG - loading keys for issuer: https://cilogon.org
2019-02-19 11:36:23,693 - oic.utils.keyio - DEBUG - pcr: {'jwks_uri': 'https://cilogon.org/oauth2/certs', 'request_uri_parameter_supported': True, 'userinfo_endpoint': 'https://cilogon.org/oauth2/userinfo', 'issuer': 'https://cilogon.org', 'claims_parameter_supported': False, 'request_parameter_supported': False, 'authorization_endpoint': 'https://cilogon.org/authorize', 'token_endpoint': 'https://cilogon.org/oauth2/token', 'require_request_uri_registration': True, 'version': '3.0', 'redirect_uris': 'https://login.cadre.iu.edu/api/auth/callback/', 'token_endpoint_auth_methods_supported': ['client_secret_basic'], 'grant_types_supported': ['authorization_code', 'implicit']}
2019-02-19 11:36:23,693 - oic.utils.keyio - DEBUG - loading keys for issuer: https://accounts.google.com
2019-02-19 11:36:23,693 - oic.utils.keyio - DEBUG - pcr: {'claims_parameter_supported': False, 'request_uri_parameter_supported': True, 'jwks_uri': None, 'issuer': 'https://accounts.google.com', 'token_endpoint_auth_methods_supported': ['client_secret_basic'], 'authorization_endpoint': 'https://accounts.google.com/o/oauth2/auth', 'token_endpoint': 'https://oauth2.googleapis.com/token', 'require_request_uri_registration': True, 'version': '3.0', 'redirect_uris': 'https://login.cadre.iu.edu/api/auth/google/callback', 'request_parameter_supported': False, 'grant_types_supported': ['authorization_code', 'implicit']}
2019-02-19 11:36:23,693 - oic.utils.keyio - DEBUG - loading keys for issuer: https://graph.microsoft.com
2019-02-19 11:36:23,693 - oic.utils.keyio - DEBUG - pcr: {'claims_parameter_supported': False, 'token_endpoint_auth_methods_supported': ['client_secret_basic'], 'authorization_endpoint': 'https://login.microsoftonline.com/indiana.onmicrosoft.com/oauth2/v2.0/authorize', 'grant_types_supported': ['authorization_code', 'implicit'], 'request_uri_parameter_supported': True, 'require_request_uri_registration': True, 'jwks_uri': None, 'version': '3.0', 'redirect_uris': 'https://login.cadre.iu.edu/api/auth/microsoft/callback', 'request_parameter_supported': False, 'issuer': 'https://graph.microsoft.com'}
2019-02-19 11:36:23,694 - oic.utils.keyio - DEBUG - loading keys for issuer: https://graph.facebook.com
2019-02-19 11:36:23,694 - oic.utils.keyio - DEBUG - pcr: {'claims_parameter_supported': False, 'request_uri_parameter_supported': True, 'jwks_uri': None, 'issuer': 'https://graph.facebook.com', 'token_endpoint_auth_methods_supported': ['client_secret_basic'], 'authorization_endpoint': 'https://www.facebook.com/v2.10/dialog/oauth', 'token_endpoint': 'https://www.facebook.com/v2.10/dialog/oauth', 'require_request_uri_registration': True, 'version': '3.0', 'redirect_uris': 'https://login.cadre.iu.edu/api/auth/facebook/callback', 'request_parameter_supported': False, 'grant_types_supported': ['authorization_code', 'implicit']}
2019-02-19 11:36:23,694 - oic.utils.keyio - DEBUG - loading keys for issuer: https://cilogon.org
2019-02-19 11:36:23,694 - oic.utils.keyio - DEBUG - pcr: {'jwks_uri': 'https://cilogon.org/oauth2/certs', 'request_uri_parameter_supported': True, 'userinfo_endpoint': 'https://cilogon.org/oauth2/userinfo', 'issuer': 'https://cilogon.org', 'claims_parameter_supported': False, 'request_parameter_supported': False, 'authorization_endpoint': 'https://cilogon.org/authorize', 'token_endpoint': 'https://cilogon.org/oauth2/token', 'require_request_uri_registration': True, 'version': '3.0', 'redirect_uris': 'https://login.cadre.iu.edu/api/auth/callback/', 'token_endpoint_auth_methods_supported': ['client_secret_basic'], 'grant_types_supported': ['authorization_code', 'implicit']}
2019-02-19 11:36:23,694 - oic.utils.keyio - DEBUG - loading keys for issuer: https://accounts.google.com
2019-02-19 11:36:23,694 - oic.utils.keyio - DEBUG - pcr: {'claims_parameter_supported': False, 'request_uri_parameter_supported': True, 'jwks_uri': None, 'issuer': 'https://accounts.google.com', 'token_endpoint_auth_methods_supported': ['client_secret_basic'], 'authorization_endpoint': 'https://accounts.google.com/o/oauth2/auth', 'token_endpoint': 'https://oauth2.googleapis.com/token', 'require_request_uri_registration': True, 'version': '3.0', 'redirect_uris': 'https://login.cadre.iu.edu/api/auth/google/callback', 'request_parameter_supported': False, 'grant_types_supported': ['authorization_code', 'implicit']}
2019-02-19 11:36:23,695 - oic.utils.keyio - DEBUG - loading keys for issuer: https://graph.microsoft.com
2019-02-19 11:36:23,695 - oic.utils.keyio - DEBUG - pcr: {'claims_parameter_supported': False, 'token_endpoint_auth_methods_supported': ['client_secret_basic'], 'authorization_endpoint': 'https://login.microsoftonline.com/indiana.onmicrosoft.com/oauth2/v2.0/authorize', 'grant_types_supported': ['authorization_code', 'implicit'], 'request_uri_parameter_supported': True, 'require_request_uri_registration': True, 'jwks_uri': None, 'version': '3.0', 'redirect_uris': 'https://login.cadre.iu.edu/api/auth/microsoft/callback', 'request_parameter_supported': False, 'issuer': 'https://graph.microsoft.com'}
2019-02-19 11:36:23,817 - passlib.utils.compat - DEBUG - loaded lazy attr 'SafeConfigParser': <class 'configparser.ConfigParser'>
2019-02-19 11:36:23,817 - passlib.utils.compat - DEBUG - loaded lazy attr 'NativeStringIO': <class '_io.StringIO'>
2019-02-19 11:36:23,817 - passlib.utils.compat - DEBUG - loaded lazy attr 'BytesIO': <class '_io.BytesIO'>
2019-02-19 11:36:23,947 - werkzeug - INFO -  * Running on http://127.0.0.1:5000/ (Press CTRL+C to quit)
2019-02-19 11:36:23,948 - werkzeug - INFO -  * Restarting with stat
2019-02-19 11:36:24,406 - backend - INFO - Completed configuring logger()!
2019-02-19 11:36:24,422 - oic.utils.keyio - DEBUG - loading keys for issuer: https://cilogon.org
2019-02-19 11:36:24,423 - oic.utils.keyio - DEBUG - pcr: {'require_request_uri_registration': True, 'request_uri_parameter_supported': True, 'redirect_uris': 'https://login.cadre.iu.edu/api/auth/callback/', 'issuer': 'https://cilogon.org', 'userinfo_endpoint': 'https://cilogon.org/oauth2/userinfo', 'version': '3.0', 'token_endpoint': 'https://cilogon.org/oauth2/token', 'token_endpoint_auth_methods_supported': ['client_secret_basic'], 'authorization_endpoint': 'https://cilogon.org/authorize', 'jwks_uri': 'https://cilogon.org/oauth2/certs', 'grant_types_supported': ['authorization_code', 'implicit'], 'claims_parameter_supported': False, 'request_parameter_supported': False}
2019-02-19 11:36:24,423 - oic.utils.keyio - DEBUG - loading keys for issuer: https://accounts.google.com
2019-02-19 11:36:24,424 - oic.utils.keyio - DEBUG - pcr: {'require_request_uri_registration': True, 'request_uri_parameter_supported': True, 'redirect_uris': 'https://login.cadre.iu.edu/api/auth/google/callback', 'issuer': 'https://accounts.google.com', 'version': '3.0', 'token_endpoint': 'https://oauth2.googleapis.com/token', 'token_endpoint_auth_methods_supported': ['client_secret_basic'], 'authorization_endpoint': 'https://accounts.google.com/o/oauth2/auth', 'jwks_uri': None, 'grant_types_supported': ['authorization_code', 'implicit'], 'claims_parameter_supported': False, 'request_parameter_supported': False}
2019-02-19 11:36:24,424 - oic.utils.keyio - DEBUG - loading keys for issuer: https://graph.microsoft.com
2019-02-19 11:36:24,424 - oic.utils.keyio - DEBUG - pcr: {'token_endpoint_auth_methods_supported': ['client_secret_basic'], 'require_request_uri_registration': True, 'authorization_endpoint': 'https://login.microsoftonline.com/indiana.onmicrosoft.com/oauth2/v2.0/authorize', 'request_uri_parameter_supported': True, 'redirect_uris': 'https://login.cadre.iu.edu/api/auth/microsoft/callback', 'grant_types_supported': ['authorization_code', 'implicit'], 'issuer': 'https://graph.microsoft.com', 'jwks_uri': None, 'claims_parameter_supported': False, 'version': '3.0', 'request_parameter_supported': False}
2019-02-19 11:36:24,424 - oic.utils.keyio - DEBUG - loading keys for issuer: https://graph.facebook.com
2019-02-19 11:36:24,424 - oic.utils.keyio - DEBUG - pcr: {'require_request_uri_registration': True, 'request_uri_parameter_supported': True, 'redirect_uris': 'https://login.cadre.iu.edu/api/auth/facebook/callback', 'issuer': 'https://graph.facebook.com', 'version': '3.0', 'token_endpoint': 'https://www.facebook.com/v2.10/dialog/oauth', 'token_endpoint_auth_methods_supported': ['client_secret_basic'], 'authorization_endpoint': 'https://www.facebook.com/v2.10/dialog/oauth', 'jwks_uri': None, 'grant_types_supported': ['authorization_code', 'implicit'], 'claims_parameter_supported': False, 'request_parameter_supported': False}
2019-02-19 11:36:24,425 - oic.utils.keyio - DEBUG - loading keys for issuer: https://cilogon.org
2019-02-19 11:36:24,425 - oic.utils.keyio - DEBUG - pcr: {'require_request_uri_registration': True, 'request_uri_parameter_supported': True, 'redirect_uris': 'https://login.cadre.iu.edu/api/auth/callback/', 'issuer': 'https://cilogon.org', 'userinfo_endpoint': 'https://cilogon.org/oauth2/userinfo', 'version': '3.0', 'token_endpoint': 'https://cilogon.org/oauth2/token', 'token_endpoint_auth_methods_supported': ['client_secret_basic'], 'authorization_endpoint': 'https://cilogon.org/authorize', 'jwks_uri': 'https://cilogon.org/oauth2/certs', 'grant_types_supported': ['authorization_code', 'implicit'], 'claims_parameter_supported': False, 'request_parameter_supported': False}
2019-02-19 11:36:24,425 - oic.utils.keyio - DEBUG - loading keys for issuer: https://accounts.google.com
2019-02-19 11:36:24,425 - oic.utils.keyio - DEBUG - pcr: {'require_request_uri_registration': True, 'request_uri_parameter_supported': True, 'redirect_uris': 'https://login.cadre.iu.edu/api/auth/google/callback', 'issuer': 'https://accounts.google.com', 'version': '3.0', 'token_endpoint': 'https://oauth2.googleapis.com/token', 'token_endpoint_auth_methods_supported': ['client_secret_basic'], 'authorization_endpoint': 'https://accounts.google.com/o/oauth2/auth', 'jwks_uri': None, 'grant_types_supported': ['authorization_code', 'implicit'], 'claims_parameter_supported': False, 'request_parameter_supported': False}
2019-02-19 11:36:24,425 - oic.utils.keyio - DEBUG - loading keys for issuer: https://graph.microsoft.com
2019-02-19 11:36:24,425 - oic.utils.keyio - DEBUG - pcr: {'token_endpoint_auth_methods_supported': ['client_secret_basic'], 'require_request_uri_registration': True, 'authorization_endpoint': 'https://login.microsoftonline.com/indiana.onmicrosoft.com/oauth2/v2.0/authorize', 'request_uri_parameter_supported': True, 'redirect_uris': 'https://login.cadre.iu.edu/api/auth/microsoft/callback', 'grant_types_supported': ['authorization_code', 'implicit'], 'issuer': 'https://graph.microsoft.com', 'jwks_uri': None, 'claims_parameter_supported': False, 'version': '3.0', 'request_parameter_supported': False}
2019-02-19 11:36:24,426 - oic.utils.keyio - DEBUG - loading keys for issuer: https://graph.facebook.com
2019-02-19 11:36:24,426 - oic.utils.keyio - DEBUG - pcr: {'require_request_uri_registration': True, 'request_uri_parameter_supported': True, 'redirect_uris': 'https://login.cadre.iu.edu/api/auth/facebook/callback', 'issuer': 'https://graph.facebook.com', 'version': '3.0', 'token_endpoint': 'https://www.facebook.com/v2.10/dialog/oauth', 'token_endpoint_auth_methods_supported': ['client_secret_basic'], 'authorization_endpoint': 'https://www.facebook.com/v2.10/dialog/oauth', 'jwks_uri': None, 'grant_types_supported': ['authorization_code', 'implicit'], 'claims_parameter_supported': False, 'request_parameter_supported': False}
2019-02-19 11:36:24,524 - passlib.utils.compat - DEBUG - loaded lazy attr 'SafeConfigParser': <class 'configparser.ConfigParser'>
2019-02-19 11:36:24,524 - passlib.utils.compat - DEBUG - loaded lazy attr 'NativeStringIO': <class '_io.StringIO'>
2019-02-19 11:36:24,524 - passlib.utils.compat - DEBUG - loaded lazy attr 'BytesIO': <class '_io.BytesIO'>
2019-02-19 11:36:24,625 - werkzeug - WARNING -  * Debugger is active!
2019-02-19 11:36:24,625 - werkzeug - INFO -  * Debugger PIN: 167-647-229
2019-02-19 11:38:41,169 - werkzeug - INFO -  * Detected change in '/home/chathuri/IUNI/cadre/federated_login/source/cadre-login/backend/views/user_api.py', reloading
2019-02-19 11:38:41,278 - werkzeug - INFO -  * Restarting with stat
2019-02-19 11:38:41,693 - backend - INFO - Completed configuring logger()!
2019-02-19 11:38:41,718 - oic.utils.keyio - DEBUG - loading keys for issuer: https://graph.facebook.com
2019-02-19 11:38:41,719 - oic.utils.keyio - DEBUG - pcr: {'grant_types_supported': ['authorization_code', 'implicit'], 'request_uri_parameter_supported': True, 'redirect_uris': 'https://login.cadre.iu.edu/api/auth/facebook/callback', 'token_endpoint': 'https://www.facebook.com/v2.10/dialog/oauth', 'issuer': 'https://graph.facebook.com', 'require_request_uri_registration': True, 'version': '3.0', 'authorization_endpoint': 'https://www.facebook.com/v2.10/dialog/oauth', 'request_parameter_supported': False, 'claims_parameter_supported': False, 'jwks_uri': None, 'token_endpoint_auth_methods_supported': ['client_secret_basic']}
2019-02-19 11:38:41,720 - oic.utils.keyio - DEBUG - loading keys for issuer: https://accounts.google.com
2019-02-19 11:38:41,720 - oic.utils.keyio - DEBUG - pcr: {'grant_types_supported': ['authorization_code', 'implicit'], 'request_uri_parameter_supported': True, 'redirect_uris': 'https://login.cadre.iu.edu/api/auth/google/callback', 'token_endpoint': 'https://oauth2.googleapis.com/token', 'issuer': 'https://accounts.google.com', 'require_request_uri_registration': True, 'version': '3.0', 'authorization_endpoint': 'https://accounts.google.com/o/oauth2/auth', 'request_parameter_supported': False, 'claims_parameter_supported': False, 'jwks_uri': None, 'token_endpoint_auth_methods_supported': ['client_secret_basic']}
2019-02-19 11:38:41,720 - oic.utils.keyio - DEBUG - loading keys for issuer: https://cilogon.org
2019-02-19 11:38:41,720 - oic.utils.keyio - DEBUG - pcr: {'grant_types_supported': ['authorization_code', 'implicit'], 'request_uri_parameter_supported': True, 'userinfo_endpoint': 'https://cilogon.org/oauth2/userinfo', 'redirect_uris': 'https://login.cadre.iu.edu/api/auth/callback/', 'request_parameter_supported': False, 'issuer': 'https://cilogon.org', 'require_request_uri_registration': True, 'version': '3.0', 'authorization_endpoint': 'https://cilogon.org/authorize', 'token_endpoint': 'https://cilogon.org/oauth2/token', 'claims_parameter_supported': False, 'jwks_uri': 'https://cilogon.org/oauth2/certs', 'token_endpoint_auth_methods_supported': ['client_secret_basic']}
2019-02-19 11:38:41,720 - oic.utils.keyio - DEBUG - loading keys for issuer: https://graph.microsoft.com
2019-02-19 11:38:41,720 - oic.utils.keyio - DEBUG - pcr: {'grant_types_supported': ['authorization_code', 'implicit'], 'request_uri_parameter_supported': True, 'version': '3.0', 'claims_parameter_supported': False, 'request_parameter_supported': False, 'jwks_uri': None, 'issuer': 'https://graph.microsoft.com', 'authorization_endpoint': 'https://login.microsoftonline.com/indiana.onmicrosoft.com/oauth2/v2.0/authorize', 'require_request_uri_registration': True, 'token_endpoint_auth_methods_supported': ['client_secret_basic'], 'redirect_uris': 'https://login.cadre.iu.edu/api/auth/microsoft/callback'}
2019-02-19 11:38:41,721 - oic.utils.keyio - DEBUG - loading keys for issuer: https://graph.facebook.com
2019-02-19 11:38:41,721 - oic.utils.keyio - DEBUG - pcr: {'grant_types_supported': ['authorization_code', 'implicit'], 'request_uri_parameter_supported': True, 'redirect_uris': 'https://login.cadre.iu.edu/api/auth/facebook/callback', 'token_endpoint': 'https://www.facebook.com/v2.10/dialog/oauth', 'issuer': 'https://graph.facebook.com', 'require_request_uri_registration': True, 'version': '3.0', 'authorization_endpoint': 'https://www.facebook.com/v2.10/dialog/oauth', 'request_parameter_supported': False, 'claims_parameter_supported': False, 'jwks_uri': None, 'token_endpoint_auth_methods_supported': ['client_secret_basic']}
2019-02-19 11:38:41,721 - oic.utils.keyio - DEBUG - loading keys for issuer: https://accounts.google.com
2019-02-19 11:38:41,721 - oic.utils.keyio - DEBUG - pcr: {'grant_types_supported': ['authorization_code', 'implicit'], 'request_uri_parameter_supported': True, 'redirect_uris': 'https://login.cadre.iu.edu/api/auth/google/callback', 'token_endpoint': 'https://oauth2.googleapis.com/token', 'issuer': 'https://accounts.google.com', 'require_request_uri_registration': True, 'version': '3.0', 'authorization_endpoint': 'https://accounts.google.com/o/oauth2/auth', 'request_parameter_supported': False, 'claims_parameter_supported': False, 'jwks_uri': None, 'token_endpoint_auth_methods_supported': ['client_secret_basic']}
2019-02-19 11:38:41,721 - oic.utils.keyio - DEBUG - loading keys for issuer: https://cilogon.org
2019-02-19 11:38:41,721 - oic.utils.keyio - DEBUG - pcr: {'grant_types_supported': ['authorization_code', 'implicit'], 'request_uri_parameter_supported': True, 'userinfo_endpoint': 'https://cilogon.org/oauth2/userinfo', 'redirect_uris': 'https://login.cadre.iu.edu/api/auth/callback/', 'request_parameter_supported': False, 'issuer': 'https://cilogon.org', 'require_request_uri_registration': True, 'version': '3.0', 'authorization_endpoint': 'https://cilogon.org/authorize', 'token_endpoint': 'https://cilogon.org/oauth2/token', 'claims_parameter_supported': False, 'jwks_uri': 'https://cilogon.org/oauth2/certs', 'token_endpoint_auth_methods_supported': ['client_secret_basic']}
2019-02-19 11:38:41,722 - oic.utils.keyio - DEBUG - loading keys for issuer: https://graph.microsoft.com
2019-02-19 11:38:41,722 - oic.utils.keyio - DEBUG - pcr: {'grant_types_supported': ['authorization_code', 'implicit'], 'request_uri_parameter_supported': True, 'version': '3.0', 'claims_parameter_supported': False, 'request_parameter_supported': False, 'jwks_uri': None, 'issuer': 'https://graph.microsoft.com', 'authorization_endpoint': 'https://login.microsoftonline.com/indiana.onmicrosoft.com/oauth2/v2.0/authorize', 'require_request_uri_registration': True, 'token_endpoint_auth_methods_supported': ['client_secret_basic'], 'redirect_uris': 'https://login.cadre.iu.edu/api/auth/microsoft/callback'}
2019-02-19 11:38:41,914 - passlib.utils.compat - DEBUG - loaded lazy attr 'SafeConfigParser': <class 'configparser.ConfigParser'>
2019-02-19 11:38:41,914 - passlib.utils.compat - DEBUG - loaded lazy attr 'NativeStringIO': <class '_io.StringIO'>
2019-02-19 11:38:41,915 - passlib.utils.compat - DEBUG - loaded lazy attr 'BytesIO': <class '_io.BytesIO'>
2019-02-19 11:38:42,105 - werkzeug - WARNING -  * Debugger is active!
2019-02-19 11:38:42,106 - werkzeug - INFO -  * Debugger PIN: 167-647-229
2019-02-19 14:05:39,191 - backend - INFO - Completed configuring logger()!
2019-02-19 14:05:39,208 - oic.utils.keyio - DEBUG - loading keys for issuer: https://graph.facebook.com
2019-02-19 14:05:39,210 - oic.utils.keyio - DEBUG - pcr: {'require_request_uri_registration': True, 'request_uri_parameter_supported': True, 'version': '3.0', 'authorization_endpoint': 'https://www.facebook.com/v2.10/dialog/oauth', 'grant_types_supported': ['authorization_code', 'implicit'], 'request_parameter_supported': False, 'token_endpoint': 'https://www.facebook.com/v2.10/dialog/oauth', 'jwks_uri': None, 'claims_parameter_supported': False, 'token_endpoint_auth_methods_supported': ['client_secret_basic'], 'redirect_uris': 'https://login.cadre.iu.edu/api/auth/facebook/callback', 'issuer': 'https://graph.facebook.com'}
2019-02-19 14:05:39,210 - oic.utils.keyio - DEBUG - loading keys for issuer: https://accounts.google.com
2019-02-19 14:05:39,210 - oic.utils.keyio - DEBUG - pcr: {'require_request_uri_registration': True, 'request_uri_parameter_supported': True, 'version': '3.0', 'authorization_endpoint': 'https://accounts.google.com/o/oauth2/auth', 'grant_types_supported': ['authorization_code', 'implicit'], 'request_parameter_supported': False, 'token_endpoint': 'https://oauth2.googleapis.com/token', 'jwks_uri': None, 'claims_parameter_supported': False, 'token_endpoint_auth_methods_supported': ['client_secret_basic'], 'redirect_uris': 'https://login.cadre.iu.edu/api/auth/google/callback', 'issuer': 'https://accounts.google.com'}
2019-02-19 14:05:39,210 - oic.utils.keyio - DEBUG - loading keys for issuer: https://graph.microsoft.com
2019-02-19 14:05:39,210 - oic.utils.keyio - DEBUG - pcr: {'require_request_uri_registration': True, 'claims_parameter_supported': False, 'jwks_uri': None, 'request_uri_parameter_supported': True, 'version': '3.0', 'token_endpoint_auth_methods_supported': ['client_secret_basic'], 'grant_types_supported': ['authorization_code', 'implicit'], 'redirect_uris': 'https://login.cadre.iu.edu/api/auth/microsoft/callback', 'issuer': 'https://graph.microsoft.com', 'request_parameter_supported': False, 'authorization_endpoint': 'https://login.microsoftonline.com/indiana.onmicrosoft.com/oauth2/v2.0/authorize'}
2019-02-19 14:05:39,211 - oic.utils.keyio - DEBUG - loading keys for issuer: https://cilogon.org
2019-02-19 14:05:39,211 - oic.utils.keyio - DEBUG - pcr: {'require_request_uri_registration': True, 'redirect_uris': 'https://login.cadre.iu.edu/api/auth/callback/', 'version': '3.0', 'authorization_endpoint': 'https://cilogon.org/authorize', 'grant_types_supported': ['authorization_code', 'implicit'], 'userinfo_endpoint': 'https://cilogon.org/oauth2/userinfo', 'request_parameter_supported': False, 'jwks_uri': 'https://cilogon.org/oauth2/certs', 'claims_parameter_supported': False, 'token_endpoint': 'https://cilogon.org/oauth2/token', 'request_uri_parameter_supported': True, 'issuer': 'https://cilogon.org', 'token_endpoint_auth_methods_supported': ['client_secret_basic']}
2019-02-19 14:05:39,211 - oic.utils.keyio - DEBUG - loading keys for issuer: https://graph.facebook.com
2019-02-19 14:05:39,211 - oic.utils.keyio - DEBUG - pcr: {'require_request_uri_registration': True, 'request_uri_parameter_supported': True, 'version': '3.0', 'authorization_endpoint': 'https://www.facebook.com/v2.10/dialog/oauth', 'grant_types_supported': ['authorization_code', 'implicit'], 'request_parameter_supported': False, 'token_endpoint': 'https://www.facebook.com/v2.10/dialog/oauth', 'jwks_uri': None, 'claims_parameter_supported': False, 'token_endpoint_auth_methods_supported': ['client_secret_basic'], 'redirect_uris': 'https://login.cadre.iu.edu/api/auth/facebook/callback', 'issuer': 'https://graph.facebook.com'}
2019-02-19 14:05:39,211 - oic.utils.keyio - DEBUG - loading keys for issuer: https://accounts.google.com
2019-02-19 14:05:39,212 - oic.utils.keyio - DEBUG - pcr: {'require_request_uri_registration': True, 'request_uri_parameter_supported': True, 'version': '3.0', 'authorization_endpoint': 'https://accounts.google.com/o/oauth2/auth', 'grant_types_supported': ['authorization_code', 'implicit'], 'request_parameter_supported': False, 'token_endpoint': 'https://oauth2.googleapis.com/token', 'jwks_uri': None, 'claims_parameter_supported': False, 'token_endpoint_auth_methods_supported': ['client_secret_basic'], 'redirect_uris': 'https://login.cadre.iu.edu/api/auth/google/callback', 'issuer': 'https://accounts.google.com'}
2019-02-19 14:05:39,212 - oic.utils.keyio - DEBUG - loading keys for issuer: https://graph.microsoft.com
2019-02-19 14:05:39,212 - oic.utils.keyio - DEBUG - pcr: {'require_request_uri_registration': True, 'claims_parameter_supported': False, 'jwks_uri': None, 'request_uri_parameter_supported': True, 'version': '3.0', 'token_endpoint_auth_methods_supported': ['client_secret_basic'], 'grant_types_supported': ['authorization_code', 'implicit'], 'redirect_uris': 'https://login.cadre.iu.edu/api/auth/microsoft/callback', 'issuer': 'https://graph.microsoft.com', 'request_parameter_supported': False, 'authorization_endpoint': 'https://login.microsoftonline.com/indiana.onmicrosoft.com/oauth2/v2.0/authorize'}
2019-02-19 14:05:39,212 - oic.utils.keyio - DEBUG - loading keys for issuer: https://cilogon.org
2019-02-19 14:05:39,212 - oic.utils.keyio - DEBUG - pcr: {'require_request_uri_registration': True, 'redirect_uris': 'https://login.cadre.iu.edu/api/auth/callback/', 'version': '3.0', 'authorization_endpoint': 'https://cilogon.org/authorize', 'grant_types_supported': ['authorization_code', 'implicit'], 'userinfo_endpoint': 'https://cilogon.org/oauth2/userinfo', 'request_parameter_supported': False, 'jwks_uri': 'https://cilogon.org/oauth2/certs', 'claims_parameter_supported': False, 'token_endpoint': 'https://cilogon.org/oauth2/token', 'request_uri_parameter_supported': True, 'issuer': 'https://cilogon.org', 'token_endpoint_auth_methods_supported': ['client_secret_basic']}
2019-02-19 14:05:39,319 - passlib.utils.compat - DEBUG - loaded lazy attr 'SafeConfigParser': <class 'configparser.ConfigParser'>
2019-02-19 14:05:39,319 - passlib.utils.compat - DEBUG - loaded lazy attr 'NativeStringIO': <class '_io.StringIO'>
2019-02-19 14:05:39,319 - passlib.utils.compat - DEBUG - loaded lazy attr 'BytesIO': <class '_io.BytesIO'>
2019-02-19 14:06:27,089 - backend - INFO - Completed configuring logger()!
2019-02-19 14:06:49,291 - oic.utils.keyio - DEBUG - loading keys for issuer: https://graph.facebook.com
2019-02-19 14:06:49,296 - oic.utils.keyio - DEBUG - pcr: {'version': '3.0', 'claims_parameter_supported': False, 'request_uri_parameter_supported': True, 'request_parameter_supported': False, 'grant_types_supported': ['authorization_code', 'implicit'], 'redirect_uris': 'https://login.cadre.iu.edu/api/auth/facebook/callback', 'jwks_uri': None, 'issuer': 'https://graph.facebook.com', 'require_request_uri_registration': True, 'token_endpoint': 'https://www.facebook.com/v2.10/dialog/oauth', 'authorization_endpoint': 'https://www.facebook.com/v2.10/dialog/oauth', 'token_endpoint_auth_methods_supported': ['client_secret_basic']}
2019-02-19 14:06:49,297 - oic.utils.keyio - DEBUG - loading keys for issuer: https://graph.microsoft.com
2019-02-19 14:06:49,298 - oic.utils.keyio - DEBUG - pcr: {'version': '3.0', 'require_request_uri_registration': True, 'claims_parameter_supported': False, 'token_endpoint_auth_methods_supported': ['client_secret_basic'], 'request_uri_parameter_supported': True, 'authorization_endpoint': 'https://login.microsoftonline.com/indiana.onmicrosoft.com/oauth2/v2.0/authorize', 'request_parameter_supported': False, 'grant_types_supported': ['authorization_code', 'implicit'], 'issuer': 'https://graph.microsoft.com', 'jwks_uri': None, 'redirect_uris': 'https://login.cadre.iu.edu/api/auth/microsoft/callback'}
2019-02-19 14:06:49,298 - oic.utils.keyio - DEBUG - loading keys for issuer: https://cilogon.org
2019-02-19 14:06:49,299 - oic.utils.keyio - DEBUG - pcr: {'version': '3.0', 'claims_parameter_supported': False, 'request_uri_parameter_supported': True, 'request_parameter_supported': False, 'grant_types_supported': ['authorization_code', 'implicit'], 'userinfo_endpoint': 'https://cilogon.org/oauth2/userinfo', 'jwks_uri': 'https://cilogon.org/oauth2/certs', 'redirect_uris': 'https://login.cadre.iu.edu/api/auth/callback/', 'issuer': 'https://cilogon.org', 'require_request_uri_registration': True, 'token_endpoint': 'https://cilogon.org/oauth2/token', 'authorization_endpoint': 'https://cilogon.org/authorize', 'token_endpoint_auth_methods_supported': ['client_secret_basic']}
2019-02-19 14:06:49,299 - oic.utils.keyio - DEBUG - loading keys for issuer: https://accounts.google.com
2019-02-19 14:06:49,299 - oic.utils.keyio - DEBUG - pcr: {'version': '3.0', 'claims_parameter_supported': False, 'request_uri_parameter_supported': True, 'request_parameter_supported': False, 'grant_types_supported': ['authorization_code', 'implicit'], 'redirect_uris': 'https://login.cadre.iu.edu/api/auth/google/callback', 'jwks_uri': None, 'issuer': 'https://accounts.google.com', 'require_request_uri_registration': True, 'token_endpoint': 'https://oauth2.googleapis.com/token', 'authorization_endpoint': 'https://accounts.google.com/o/oauth2/auth', 'token_endpoint_auth_methods_supported': ['client_secret_basic']}
2019-02-19 14:06:50,092 - oic.utils.keyio - DEBUG - loading keys for issuer: https://graph.facebook.com
2019-02-19 14:06:50,092 - oic.utils.keyio - DEBUG - pcr: {'version': '3.0', 'claims_parameter_supported': False, 'request_uri_parameter_supported': True, 'request_parameter_supported': False, 'grant_types_supported': ['authorization_code', 'implicit'], 'redirect_uris': 'https://login.cadre.iu.edu/api/auth/facebook/callback', 'jwks_uri': None, 'issuer': 'https://graph.facebook.com', 'require_request_uri_registration': True, 'token_endpoint': 'https://www.facebook.com/v2.10/dialog/oauth', 'authorization_endpoint': 'https://www.facebook.com/v2.10/dialog/oauth', 'token_endpoint_auth_methods_supported': ['client_secret_basic']}
2019-02-19 14:06:50,093 - oic.utils.keyio - DEBUG - loading keys for issuer: https://graph.microsoft.com
2019-02-19 14:06:50,093 - oic.utils.keyio - DEBUG - pcr: {'version': '3.0', 'require_request_uri_registration': True, 'claims_parameter_supported': False, 'token_endpoint_auth_methods_supported': ['client_secret_basic'], 'request_uri_parameter_supported': True, 'authorization_endpoint': 'https://login.microsoftonline.com/indiana.onmicrosoft.com/oauth2/v2.0/authorize', 'request_parameter_supported': False, 'grant_types_supported': ['authorization_code', 'implicit'], 'issuer': 'https://graph.microsoft.com', 'jwks_uri': None, 'redirect_uris': 'https://login.cadre.iu.edu/api/auth/microsoft/callback'}
2019-02-19 14:06:50,094 - oic.utils.keyio - DEBUG - loading keys for issuer: https://cilogon.org
2019-02-19 14:06:50,094 - oic.utils.keyio - DEBUG - pcr: {'version': '3.0', 'claims_parameter_supported': False, 'request_uri_parameter_supported': True, 'request_parameter_supported': False, 'grant_types_supported': ['authorization_code', 'implicit'], 'userinfo_endpoint': 'https://cilogon.org/oauth2/userinfo', 'jwks_uri': 'https://cilogon.org/oauth2/certs', 'redirect_uris': 'https://login.cadre.iu.edu/api/auth/callback/', 'issuer': 'https://cilogon.org', 'require_request_uri_registration': True, 'token_endpoint': 'https://cilogon.org/oauth2/token', 'authorization_endpoint': 'https://cilogon.org/authorize', 'token_endpoint_auth_methods_supported': ['client_secret_basic']}
2019-02-19 14:06:50,095 - oic.utils.keyio - DEBUG - loading keys for issuer: https://accounts.google.com
2019-02-19 14:06:50,095 - oic.utils.keyio - DEBUG - pcr: {'version': '3.0', 'claims_parameter_supported': False, 'request_uri_parameter_supported': True, 'request_parameter_supported': False, 'grant_types_supported': ['authorization_code', 'implicit'], 'redirect_uris': 'https://login.cadre.iu.edu/api/auth/google/callback', 'jwks_uri': None, 'issuer': 'https://accounts.google.com', 'require_request_uri_registration': True, 'token_endpoint': 'https://oauth2.googleapis.com/token', 'authorization_endpoint': 'https://accounts.google.com/o/oauth2/auth', 'token_endpoint_auth_methods_supported': ['client_secret_basic']}
2019-02-19 14:07:11,134 - passlib.utils.compat - DEBUG - loaded lazy attr 'SafeConfigParser': <class 'configparser.ConfigParser'>
2019-02-19 14:07:11,134 - passlib.utils.compat - DEBUG - loaded lazy attr 'NativeStringIO': <class '_io.StringIO'>
2019-02-19 14:07:11,134 - passlib.utils.compat - DEBUG - loaded lazy attr 'BytesIO': <class '_io.BytesIO'>
2019-02-19 14:07:11,293 - passlib.registry - DEBUG - registered 'sha512_crypt' handler: <class 'passlib.handlers.sha2_crypt.sha512_crypt'>
2019-02-19 14:07:11,293 - passlib.registry - DEBUG - registered 'sha256_crypt' handler: <class 'passlib.handlers.sha2_crypt.sha256_crypt'>
2019-02-19 14:11:35,028 - backend - INFO - Completed configuring logger()!
2019-02-19 14:11:35,043 - oic.utils.keyio - DEBUG - loading keys for issuer: https://graph.facebook.com
2019-02-19 14:11:35,044 - oic.utils.keyio - DEBUG - pcr: {'claims_parameter_supported': False, 'request_parameter_supported': False, 'authorization_endpoint': 'https://www.facebook.com/v2.10/dialog/oauth', 'redirect_uris': 'https://login.cadre.iu.edu/api/auth/facebook/callback', 'jwks_uri': None, 'request_uri_parameter_supported': True, 'token_endpoint_auth_methods_supported': ['client_secret_basic'], 'require_request_uri_registration': True, 'token_endpoint': 'https://www.facebook.com/v2.10/dialog/oauth', 'grant_types_supported': ['authorization_code', 'implicit'], 'issuer': 'https://graph.facebook.com', 'version': '3.0'}
2019-02-19 14:11:35,045 - oic.utils.keyio - DEBUG - loading keys for issuer: https://cilogon.org
2019-02-19 14:11:35,045 - oic.utils.keyio - DEBUG - pcr: {'claims_parameter_supported': False, 'request_parameter_supported': False, 'authorization_endpoint': 'https://cilogon.org/authorize', 'redirect_uris': 'https://login.cadre.iu.edu/api/auth/callback/', 'jwks_uri': 'https://cilogon.org/oauth2/certs', 'request_uri_parameter_supported': True, 'token_endpoint_auth_methods_supported': ['client_secret_basic'], 'require_request_uri_registration': True, 'token_endpoint': 'https://cilogon.org/oauth2/token', 'userinfo_endpoint': 'https://cilogon.org/oauth2/userinfo', 'issuer': 'https://cilogon.org', 'grant_types_supported': ['authorization_code', 'implicit'], 'version': '3.0'}
2019-02-19 14:11:35,045 - oic.utils.keyio - DEBUG - loading keys for issuer: https://graph.microsoft.com
2019-02-19 14:11:35,045 - oic.utils.keyio - DEBUG - pcr: {'token_endpoint_auth_methods_supported': ['client_secret_basic'], 'claims_parameter_supported': False, 'require_request_uri_registration': True, 'request_uri_parameter_supported': True, 'request_parameter_supported': False, 'authorization_endpoint': 'https://login.microsoftonline.com/indiana.onmicrosoft.com/oauth2/v2.0/authorize', 'redirect_uris': 'https://login.cadre.iu.edu/api/auth/microsoft/callback', 'issuer': 'https://graph.microsoft.com', 'grant_types_supported': ['authorization_code', 'implicit'], 'jwks_uri': None, 'version': '3.0'}
2019-02-19 14:11:35,045 - oic.utils.keyio - DEBUG - loading keys for issuer: https://accounts.google.com
2019-02-19 14:11:35,045 - oic.utils.keyio - DEBUG - pcr: {'claims_parameter_supported': False, 'request_parameter_supported': False, 'authorization_endpoint': 'https://accounts.google.com/o/oauth2/auth', 'redirect_uris': 'https://login.cadre.iu.edu/api/auth/google/callback', 'jwks_uri': None, 'request_uri_parameter_supported': True, 'token_endpoint_auth_methods_supported': ['client_secret_basic'], 'require_request_uri_registration': True, 'token_endpoint': 'https://oauth2.googleapis.com/token', 'grant_types_supported': ['authorization_code', 'implicit'], 'issuer': 'https://accounts.google.com', 'version': '3.0'}
2019-02-19 14:11:35,046 - oic.utils.keyio - DEBUG - loading keys for issuer: https://graph.facebook.com
2019-02-19 14:11:35,046 - oic.utils.keyio - DEBUG - pcr: {'claims_parameter_supported': False, 'request_parameter_supported': False, 'authorization_endpoint': 'https://www.facebook.com/v2.10/dialog/oauth', 'redirect_uris': 'https://login.cadre.iu.edu/api/auth/facebook/callback', 'jwks_uri': None, 'request_uri_parameter_supported': True, 'token_endpoint_auth_methods_supported': ['client_secret_basic'], 'require_request_uri_registration': True, 'token_endpoint': 'https://www.facebook.com/v2.10/dialog/oauth', 'grant_types_supported': ['authorization_code', 'implicit'], 'issuer': 'https://graph.facebook.com', 'version': '3.0'}
2019-02-19 14:11:35,046 - oic.utils.keyio - DEBUG - loading keys for issuer: https://cilogon.org
2019-02-19 14:11:35,046 - oic.utils.keyio - DEBUG - pcr: {'claims_parameter_supported': False, 'request_parameter_supported': False, 'authorization_endpoint': 'https://cilogon.org/authorize', 'redirect_uris': 'https://login.cadre.iu.edu/api/auth/callback/', 'jwks_uri': 'https://cilogon.org/oauth2/certs', 'request_uri_parameter_supported': True, 'token_endpoint_auth_methods_supported': ['client_secret_basic'], 'require_request_uri_registration': True, 'token_endpoint': 'https://cilogon.org/oauth2/token', 'userinfo_endpoint': 'https://cilogon.org/oauth2/userinfo', 'issuer': 'https://cilogon.org', 'grant_types_supported': ['authorization_code', 'implicit'], 'version': '3.0'}
2019-02-19 14:11:35,046 - oic.utils.keyio - DEBUG - loading keys for issuer: https://graph.microsoft.com
2019-02-19 14:11:35,046 - oic.utils.keyio - DEBUG - pcr: {'token_endpoint_auth_methods_supported': ['client_secret_basic'], 'claims_parameter_supported': False, 'require_request_uri_registration': True, 'request_uri_parameter_supported': True, 'request_parameter_supported': False, 'authorization_endpoint': 'https://login.microsoftonline.com/indiana.onmicrosoft.com/oauth2/v2.0/authorize', 'redirect_uris': 'https://login.cadre.iu.edu/api/auth/microsoft/callback', 'issuer': 'https://graph.microsoft.com', 'grant_types_supported': ['authorization_code', 'implicit'], 'jwks_uri': None, 'version': '3.0'}
2019-02-19 14:11:35,047 - oic.utils.keyio - DEBUG - loading keys for issuer: https://accounts.google.com
2019-02-19 14:11:35,047 - oic.utils.keyio - DEBUG - pcr: {'claims_parameter_supported': False, 'request_parameter_supported': False, 'authorization_endpoint': 'https://accounts.google.com/o/oauth2/auth', 'redirect_uris': 'https://login.cadre.iu.edu/api/auth/google/callback', 'jwks_uri': None, 'request_uri_parameter_supported': True, 'token_endpoint_auth_methods_supported': ['client_secret_basic'], 'require_request_uri_registration': True, 'token_endpoint': 'https://oauth2.googleapis.com/token', 'grant_types_supported': ['authorization_code', 'implicit'], 'issuer': 'https://accounts.google.com', 'version': '3.0'}
2019-02-19 14:11:35,070 - passlib.utils.compat - DEBUG - loaded lazy attr 'SafeConfigParser': <class 'configparser.ConfigParser'>
2019-02-19 14:11:35,070 - passlib.utils.compat - DEBUG - loaded lazy attr 'NativeStringIO': <class '_io.StringIO'>
2019-02-19 14:11:35,070 - passlib.utils.compat - DEBUG - loaded lazy attr 'BytesIO': <class '_io.BytesIO'>
2019-02-19 14:11:35,162 - data_model - INFO - Database initialized...
2019-02-19 14:11:35,172 - werkzeug - INFO -  * Running on http://127.0.0.1:5000/ (Press CTRL+C to quit)
2019-02-19 14:11:35,172 - werkzeug - INFO -  * Restarting with stat
2019-02-19 14:11:35,693 - backend - INFO - Completed configuring logger()!
2019-02-19 14:11:35,708 - oic.utils.keyio - DEBUG - loading keys for issuer: https://graph.microsoft.com
2019-02-19 14:11:35,710 - oic.utils.keyio - DEBUG - pcr: {'issuer': 'https://graph.microsoft.com', 'version': '3.0', 'grant_types_supported': ['authorization_code', 'implicit'], 'request_parameter_supported': False, 'token_endpoint_auth_methods_supported': ['client_secret_basic'], 'jwks_uri': None, 'claims_parameter_supported': False, 'require_request_uri_registration': True, 'redirect_uris': 'https://login.cadre.iu.edu/api/auth/microsoft/callback', 'request_uri_parameter_supported': True, 'authorization_endpoint': 'https://login.microsoftonline.com/indiana.onmicrosoft.com/oauth2/v2.0/authorize'}
2019-02-19 14:11:35,710 - oic.utils.keyio - DEBUG - loading keys for issuer: https://accounts.google.com
2019-02-19 14:11:35,710 - oic.utils.keyio - DEBUG - pcr: {'version': '3.0', 'grant_types_supported': ['authorization_code', 'implicit'], 'request_uri_parameter_supported': True, 'token_endpoint_auth_methods_supported': ['client_secret_basic'], 'jwks_uri': None, 'require_request_uri_registration': True, 'redirect_uris': 'https://login.cadre.iu.edu/api/auth/google/callback', 'issuer': 'https://accounts.google.com', 'request_parameter_supported': False, 'claims_parameter_supported': False, 'token_endpoint': 'https://oauth2.googleapis.com/token', 'authorization_endpoint': 'https://accounts.google.com/o/oauth2/auth'}
2019-02-19 14:11:35,710 - oic.utils.keyio - DEBUG - loading keys for issuer: https://cilogon.org
2019-02-19 14:11:35,710 - oic.utils.keyio - DEBUG - pcr: {'version': '3.0', 'grant_types_supported': ['authorization_code', 'implicit'], 'request_uri_parameter_supported': True, 'token_endpoint_auth_methods_supported': ['client_secret_basic'], 'jwks_uri': 'https://cilogon.org/oauth2/certs', 'require_request_uri_registration': True, 'redirect_uris': 'https://login.cadre.iu.edu/api/auth/callback/', 'issuer': 'https://cilogon.org', 'request_parameter_supported': False, 'claims_parameter_supported': False, 'userinfo_endpoint': 'https://cilogon.org/oauth2/userinfo', 'token_endpoint': 'https://cilogon.org/oauth2/token', 'authorization_endpoint': 'https://cilogon.org/authorize'}
2019-02-19 14:11:35,711 - oic.utils.keyio - DEBUG - loading keys for issuer: https://graph.facebook.com
2019-02-19 14:11:35,711 - oic.utils.keyio - DEBUG - pcr: {'version': '3.0', 'grant_types_supported': ['authorization_code', 'implicit'], 'request_uri_parameter_supported': True, 'token_endpoint_auth_methods_supported': ['client_secret_basic'], 'jwks_uri': None, 'require_request_uri_registration': True, 'redirect_uris': 'https://login.cadre.iu.edu/api/auth/facebook/callback', 'issuer': 'https://graph.facebook.com', 'request_parameter_supported': False, 'claims_parameter_supported': False, 'token_endpoint': 'https://www.facebook.com/v2.10/dialog/oauth', 'authorization_endpoint': 'https://www.facebook.com/v2.10/dialog/oauth'}
2019-02-19 14:11:35,711 - oic.utils.keyio - DEBUG - loading keys for issuer: https://graph.microsoft.com
2019-02-19 14:11:35,711 - oic.utils.keyio - DEBUG - pcr: {'issuer': 'https://graph.microsoft.com', 'version': '3.0', 'grant_types_supported': ['authorization_code', 'implicit'], 'request_parameter_supported': False, 'token_endpoint_auth_methods_supported': ['client_secret_basic'], 'jwks_uri': None, 'claims_parameter_supported': False, 'require_request_uri_registration': True, 'redirect_uris': 'https://login.cadre.iu.edu/api/auth/microsoft/callback', 'request_uri_parameter_supported': True, 'authorization_endpoint': 'https://login.microsoftonline.com/indiana.onmicrosoft.com/oauth2/v2.0/authorize'}
2019-02-19 14:11:35,711 - oic.utils.keyio - DEBUG - loading keys for issuer: https://accounts.google.com
2019-02-19 14:11:35,711 - oic.utils.keyio - DEBUG - pcr: {'version': '3.0', 'grant_types_supported': ['authorization_code', 'implicit'], 'request_uri_parameter_supported': True, 'token_endpoint_auth_methods_supported': ['client_secret_basic'], 'jwks_uri': None, 'require_request_uri_registration': True, 'redirect_uris': 'https://login.cadre.iu.edu/api/auth/google/callback', 'issuer': 'https://accounts.google.com', 'request_parameter_supported': False, 'claims_parameter_supported': False, 'token_endpoint': 'https://oauth2.googleapis.com/token', 'authorization_endpoint': 'https://accounts.google.com/o/oauth2/auth'}
2019-02-19 14:11:35,712 - oic.utils.keyio - DEBUG - loading keys for issuer: https://cilogon.org
2019-02-19 14:11:35,712 - oic.utils.keyio - DEBUG - pcr: {'version': '3.0', 'grant_types_supported': ['authorization_code', 'implicit'], 'request_uri_parameter_supported': True, 'token_endpoint_auth_methods_supported': ['client_secret_basic'], 'jwks_uri': 'https://cilogon.org/oauth2/certs', 'require_request_uri_registration': True, 'redirect_uris': 'https://login.cadre.iu.edu/api/auth/callback/', 'issuer': 'https://cilogon.org', 'request_parameter_supported': False, 'claims_parameter_supported': False, 'userinfo_endpoint': 'https://cilogon.org/oauth2/userinfo', 'token_endpoint': 'https://cilogon.org/oauth2/token', 'authorization_endpoint': 'https://cilogon.org/authorize'}
2019-02-19 14:11:35,712 - oic.utils.keyio - DEBUG - loading keys for issuer: https://graph.facebook.com
2019-02-19 14:11:35,712 - oic.utils.keyio - DEBUG - pcr: {'version': '3.0', 'grant_types_supported': ['authorization_code', 'implicit'], 'request_uri_parameter_supported': True, 'token_endpoint_auth_methods_supported': ['client_secret_basic'], 'jwks_uri': None, 'require_request_uri_registration': True, 'redirect_uris': 'https://login.cadre.iu.edu/api/auth/facebook/callback', 'issuer': 'https://graph.facebook.com', 'request_parameter_supported': False, 'claims_parameter_supported': False, 'token_endpoint': 'https://www.facebook.com/v2.10/dialog/oauth', 'authorization_endpoint': 'https://www.facebook.com/v2.10/dialog/oauth'}
2019-02-19 14:11:35,728 - passlib.utils.compat - DEBUG - loaded lazy attr 'SafeConfigParser': <class 'configparser.ConfigParser'>
2019-02-19 14:11:35,728 - passlib.utils.compat - DEBUG - loaded lazy attr 'NativeStringIO': <class '_io.StringIO'>
2019-02-19 14:11:35,728 - passlib.utils.compat - DEBUG - loaded lazy attr 'BytesIO': <class '_io.BytesIO'>
2019-02-19 14:11:35,821 - data_model - INFO - Database initialized...
2019-02-19 14:11:35,830 - werkzeug - WARNING -  * Debugger is active!
2019-02-19 14:11:35,831 - werkzeug - INFO -  * Debugger PIN: 167-647-229
2019-02-19 14:12:36,502 - werkzeug - INFO -  * Detected change in '/home/chathuri/IUNI/cadre/federated_login/source/cadre-login/backend/views/data_model.py', reloading
2019-02-19 14:12:36,662 - werkzeug - INFO -  * Restarting with stat
2019-02-19 14:12:37,195 - backend - INFO - Completed configuring logger()!
2019-02-19 14:12:37,210 - oic.utils.keyio - DEBUG - loading keys for issuer: https://graph.microsoft.com
2019-02-19 14:12:37,211 - oic.utils.keyio - DEBUG - pcr: {'version': '3.0', 'request_parameter_supported': False, 'require_request_uri_registration': True, 'request_uri_parameter_supported': True, 'token_endpoint_auth_methods_supported': ['client_secret_basic'], 'jwks_uri': None, 'issuer': 'https://graph.microsoft.com', 'claims_parameter_supported': False, 'redirect_uris': 'https://login.cadre.iu.edu/api/auth/microsoft/callback', 'grant_types_supported': ['authorization_code', 'implicit'], 'authorization_endpoint': 'https://login.microsoftonline.com/indiana.onmicrosoft.com/oauth2/v2.0/authorize'}
2019-02-19 14:12:37,211 - oic.utils.keyio - DEBUG - loading keys for issuer: https://graph.facebook.com
2019-02-19 14:12:37,211 - oic.utils.keyio - DEBUG - pcr: {'request_parameter_supported': False, 'token_endpoint_auth_methods_supported': ['client_secret_basic'], 'issuer': 'https://graph.facebook.com', 'claims_parameter_supported': False, 'require_request_uri_registration': True, 'grant_types_supported': ['authorization_code', 'implicit'], 'version': '3.0', 'redirect_uris': 'https://login.cadre.iu.edu/api/auth/facebook/callback', 'request_uri_parameter_supported': True, 'jwks_uri': None, 'token_endpoint': 'https://www.facebook.com/v2.10/dialog/oauth', 'authorization_endpoint': 'https://www.facebook.com/v2.10/dialog/oauth'}
2019-02-19 14:12:37,211 - oic.utils.keyio - DEBUG - loading keys for issuer: https://cilogon.org
2019-02-19 14:12:37,212 - oic.utils.keyio - DEBUG - pcr: {'request_parameter_supported': False, 'claims_parameter_supported': False, 'token_endpoint_auth_methods_supported': ['client_secret_basic'], 'issuer': 'https://cilogon.org', 'userinfo_endpoint': 'https://cilogon.org/oauth2/userinfo', 'require_request_uri_registration': True, 'grant_types_supported': ['authorization_code', 'implicit'], 'version': '3.0', 'redirect_uris': 'https://login.cadre.iu.edu/api/auth/callback/', 'request_uri_parameter_supported': True, 'jwks_uri': 'https://cilogon.org/oauth2/certs', 'token_endpoint': 'https://cilogon.org/oauth2/token', 'authorization_endpoint': 'https://cilogon.org/authorize'}
2019-02-19 14:12:37,212 - oic.utils.keyio - DEBUG - loading keys for issuer: https://accounts.google.com
2019-02-19 14:12:37,212 - oic.utils.keyio - DEBUG - pcr: {'request_parameter_supported': False, 'token_endpoint_auth_methods_supported': ['client_secret_basic'], 'issuer': 'https://accounts.google.com', 'claims_parameter_supported': False, 'require_request_uri_registration': True, 'grant_types_supported': ['authorization_code', 'implicit'], 'version': '3.0', 'redirect_uris': 'https://login.cadre.iu.edu/api/auth/google/callback', 'request_uri_parameter_supported': True, 'jwks_uri': None, 'token_endpoint': 'https://oauth2.googleapis.com/token', 'authorization_endpoint': 'https://accounts.google.com/o/oauth2/auth'}
2019-02-19 14:12:37,212 - oic.utils.keyio - DEBUG - loading keys for issuer: https://graph.microsoft.com
2019-02-19 14:12:37,212 - oic.utils.keyio - DEBUG - pcr: {'version': '3.0', 'request_parameter_supported': False, 'require_request_uri_registration': True, 'request_uri_parameter_supported': True, 'token_endpoint_auth_methods_supported': ['client_secret_basic'], 'jwks_uri': None, 'issuer': 'https://graph.microsoft.com', 'claims_parameter_supported': False, 'redirect_uris': 'https://login.cadre.iu.edu/api/auth/microsoft/callback', 'grant_types_supported': ['authorization_code', 'implicit'], 'authorization_endpoint': 'https://login.microsoftonline.com/indiana.onmicrosoft.com/oauth2/v2.0/authorize'}
2019-02-19 14:12:37,213 - oic.utils.keyio - DEBUG - loading keys for issuer: https://graph.facebook.com
2019-02-19 14:12:37,213 - oic.utils.keyio - DEBUG - pcr: {'request_parameter_supported': False, 'token_endpoint_auth_methods_supported': ['client_secret_basic'], 'issuer': 'https://graph.facebook.com', 'claims_parameter_supported': False, 'require_request_uri_registration': True, 'grant_types_supported': ['authorization_code', 'implicit'], 'version': '3.0', 'redirect_uris': 'https://login.cadre.iu.edu/api/auth/facebook/callback', 'request_uri_parameter_supported': True, 'jwks_uri': None, 'token_endpoint': 'https://www.facebook.com/v2.10/dialog/oauth', 'authorization_endpoint': 'https://www.facebook.com/v2.10/dialog/oauth'}
2019-02-19 14:12:37,213 - oic.utils.keyio - DEBUG - loading keys for issuer: https://cilogon.org
2019-02-19 14:12:37,213 - oic.utils.keyio - DEBUG - pcr: {'request_parameter_supported': False, 'claims_parameter_supported': False, 'token_endpoint_auth_methods_supported': ['client_secret_basic'], 'issuer': 'https://cilogon.org', 'userinfo_endpoint': 'https://cilogon.org/oauth2/userinfo', 'require_request_uri_registration': True, 'grant_types_supported': ['authorization_code', 'implicit'], 'version': '3.0', 'redirect_uris': 'https://login.cadre.iu.edu/api/auth/callback/', 'request_uri_parameter_supported': True, 'jwks_uri': 'https://cilogon.org/oauth2/certs', 'token_endpoint': 'https://cilogon.org/oauth2/token', 'authorization_endpoint': 'https://cilogon.org/authorize'}
2019-02-19 14:12:37,213 - oic.utils.keyio - DEBUG - loading keys for issuer: https://accounts.google.com
2019-02-19 14:12:37,213 - oic.utils.keyio - DEBUG - pcr: {'request_parameter_supported': False, 'token_endpoint_auth_methods_supported': ['client_secret_basic'], 'issuer': 'https://accounts.google.com', 'claims_parameter_supported': False, 'require_request_uri_registration': True, 'grant_types_supported': ['authorization_code', 'implicit'], 'version': '3.0', 'redirect_uris': 'https://login.cadre.iu.edu/api/auth/google/callback', 'request_uri_parameter_supported': True, 'jwks_uri': None, 'token_endpoint': 'https://oauth2.googleapis.com/token', 'authorization_endpoint': 'https://accounts.google.com/o/oauth2/auth'}
2019-02-19 14:12:37,230 - passlib.utils.compat - DEBUG - loaded lazy attr 'SafeConfigParser': <class 'configparser.ConfigParser'>
2019-02-19 14:12:37,230 - passlib.utils.compat - DEBUG - loaded lazy attr 'NativeStringIO': <class '_io.StringIO'>
2019-02-19 14:12:37,230 - passlib.utils.compat - DEBUG - loaded lazy attr 'BytesIO': <class '_io.BytesIO'>
2019-02-19 14:12:37,320 - data_model - INFO - Database initialized...
2019-02-19 14:12:37,330 - werkzeug - WARNING -  * Debugger is active!
2019-02-19 14:12:37,330 - werkzeug - INFO -  * Debugger PIN: 167-647-229
